<?xml version="1.0" encoding="UTF-8"?>
<!-- Generated by org.testng.reporters.JUnitXMLReporter -->
<testsuite ignored="0" hostname="Lab-637618509474497233-1" failures="1" tests="1" name="Test" time="131.433" errors="0" timestamp="2021-09-25T23:18:28 IST">
  <testcase classname="cucumber.api.testng.AbstractTestNGCucumberTests" name="feature" time="129.631">
    <failure type="cucumber.runtime.CucumberException" message="java.lang.AssertionError: expected [Explore Our Furniture Range1] but found [Explore Our Furniture Range]">
      <![CDATA[cucumber.runtime.CucumberException: java.lang.AssertionError: expected [Explore Our Furniture Range1] but found [Explore Our Furniture Range]
at cucumber.api.testng.TestNGCucumberRunner.runCucumber(TestNGCucumberRunner.java:69)
at cucumber.api.testng.AbstractTestNGCucumberTests.feature(AbstractTestNGCucumberTests.java:21)
at java.base/java.util.ArrayList.forEach(ArrayList.java:1541)
Caused by: java.lang.AssertionError: expected [Explore Our Furniture Range1] but found [Explore Our Furniture Range]
at stepDefinitions.stepDefinition.user_is_on_home_page_the_page_should_diplay_expected_text(stepDefinition.java:292)
at âœ½.When user is on home page the page should diplay expected text(HomePage.feature:77)
... Removed 33 stack frames]]>
    </failure>
  </testcase> <!-- feature -->
</testsuite> <!-- Test -->
